[debug] > Exec(early(addDefaultCommands), None, None)
[debug] > Exec(addDefaultCommands, None, None)
[debug] > Exec(early(initialize), None, None)
[debug] > Exec(initialize, None, None)
[debug] > Exec(early(addPluginSbtFile="""C:\Users\u725869\AppData\Local\Temp\idea.sbt"""), None, None)
[debug] > Exec(addPluginSbtFile="""C:\Users\u725869\AppData\Local\Temp\idea.sbt""", None, None)
[debug] > Exec(boot, None, None)
[debug] > Exec(writeSbtVersion, None, None)
[debug] > Exec(reload, None, None)
[debug] > Exec(sbtStashOnFailure, None, None)
[debug] > Exec(onFailure loadFailed, None, None)
[debug] > Exec(loadp, None, None)
[info] welcome to sbt 1.5.5 (Oracle Corporation Java 1.8.0_301)
[debug]       Load.loadUnit: plugins took 72.3843ms
[debug]       Load.loadUnit: defsScala took 0.2857ms
[debug] [Loading] Scanning directory C:\Users\u725869\.sbt\1.0\plugins
[debug] [Loading] Found non-root projects 
[debug] [Loading] Done in C:\Users\u725869\.sbt\1.0\plugins, returning: ()
[debug] deducing auto plugins based on known facts Set(Atom(sbt.plugins.CorePlugin)) and clauses Clauses(Clause(Atom(sbt.plugins.JvmPlugin),Set(Atom(sbt.plugins.IvyPlugin)))
[debug] Clause(Atom(sbt.ScriptedPlugin),Set(Atom(sbt.plugins.JvmPlugin)))
[debug] Clause(Atom(sbt.plugins.SbtPlugin),Set(Atom(sbt.ScriptedPlugin)))
[debug] Clause(Atom(sbt.plugins.SemanticdbPlugin),Set(Atom(sbt.plugins.JvmPlugin)))
[debug] Clause(Atom(sbt.plugins.JUnitXmlReportPlugin),Set(Atom(sbt.plugins.JvmPlugin)))
[debug] Clause(Atom(sbt.plugins.MiniDependencyTreePlugin),Set(Atom(sbt.plugins.JvmPlugin)))
[debug] Clause(Atom(sbt.plugins.CorePlugin),Set(Atom(sbt.plugins.IvyPlugin)))
[debug] Clause(Atom(sbt.plugins.IvyPlugin),Set(Atom(sbt.plugins.JvmPlugin)))
[debug] Clause(Atom(sbt.plugins.JvmPlugin),Set(Atom(sbt.plugins.SemanticdbPlugin)))
[debug] Clause(Atom(sbt.plugins.JvmPlugin),Set(Atom(sbt.plugins.JUnitXmlReportPlugin)))
[debug] Clause(Atom(sbt.plugins.CorePlugin),Set(Atom(sbt.plugins.Giter8TemplatePlugin)))
[debug] Clause(Atom(sbt.plugins.JvmPlugin),Set(Atom(sbt.plugins.MiniDependencyTreePlugin))))
[debug]   :: deduced result: Matched(sbt.plugins.CorePlugin,sbt.plugins.Giter8TemplatePlugin,sbt.plugins.IvyPlugin,sbt.plugins.JvmPlugin,sbt.plugins.MiniDependencyTreePlugin,sbt.plugins.JUnitXmlReportPlugin,sbt.plugins.SemanticdbPlugin)
[debug] Plugins.deducer#function took 11.2062 ms
[debug]           Load.resolveProject(global-plugins) took 32.2704ms
[debug]         Load.loadTransitive: finalizeProject(Project(id global-plugins, base: C:\Users\u725869\.sbt\1.0\plugins, plugins: List(<none>))) took 63.6524ms
[debug] [Loading] Done in C:\Users\u725869\.sbt\1.0\plugins, returning: (global-plugins)
[debug]       Load.loadUnit: loadedProjectsRaw took 79.5423ms
[debug]       Load.loadUnit: cleanEvalClasses took 0.1688ms
[debug]     Load.loadUnit(file:/C:/Users/u725869/.sbt/1.0/plugins/, ...) took 158.5872ms
[debug]   Load.apply: load took 280.9976ms
[debug]   Load.apply: resolveProjects took 4.2312ms
[debug]   Load.apply: finalTransforms took 39.4871ms
[debug]   Load.apply: config.delegates took 5.563ms
[debug]   Load.apply: Def.make(settings)... took 248.2706ms
[debug]   Load.apply: structureIndex took 73.4699ms
[debug]   Load.apply: mkStreams took 1.0804ms
[info] loading global plugins from C:\Users\u725869\.sbt\1.0\plugins
[debug] Running task... Cancel: Signal, check cycles: false, forcegc: true
[debug] Load.defaultLoad until apply took 2179.0427ms
[debug]           Load.loadUnit: plugins took 19.7822ms
[debug]           Load.loadUnit: defsScala took 0.0027ms
[debug] [Loading] Scanning directory C:\Users\u725869\IdeaProjects\jw_test1\project
[debug]             Load.loadUnit: mkEval took 5.7247ms
[debug] [Loading] Found non-root projects 
[debug] [Loading] Done in C:\Users\u725869\IdeaProjects\jw_test1\project, returning: ()
[debug] deducing auto plugins based on known facts Set(Atom(sbt.plugins.CorePlugin)) and clauses Clauses(Clause(Atom(sbt.plugins.JvmPlugin),Set(Atom(sbt.plugins.IvyPlugin)))
[debug] Clause(Atom(sbt.ScriptedPlugin),Set(Atom(sbt.plugins.JvmPlugin)))
[debug] Clause(Atom(sbt.plugins.SbtPlugin),Set(Atom(sbt.ScriptedPlugin)))
[debug] Clause(Atom(sbt.plugins.SemanticdbPlugin),Set(Atom(sbt.plugins.JvmPlugin)))
[debug] Clause(Atom(sbt.plugins.JUnitXmlReportPlugin),Set(Atom(sbt.plugins.JvmPlugin)))
[debug] Clause(Atom(sbt.plugins.MiniDependencyTreePlugin),Set(Atom(sbt.plugins.JvmPlugin)))
[debug] Clause(Atom(sbt.plugins.CorePlugin),Set(Atom(sbt.plugins.IvyPlugin)))
[debug] Clause(Atom(sbt.plugins.IvyPlugin),Set(Atom(sbt.plugins.JvmPlugin)))
[debug] Clause(Atom(sbt.plugins.JvmPlugin),Set(Atom(sbt.plugins.SemanticdbPlugin)))
[debug] Clause(Atom(sbt.plugins.JvmPlugin),Set(Atom(sbt.plugins.JUnitXmlReportPlugin)))
[debug] Clause(Atom(sbt.plugins.CorePlugin),Set(Atom(sbt.plugins.Giter8TemplatePlugin)))
[debug] Clause(Atom(sbt.plugins.JvmPlugin),Set(Atom(sbt.plugins.MiniDependencyTreePlugin))))
[debug]   :: deduced result: Matched(sbt.plugins.CorePlugin,sbt.plugins.Giter8TemplatePlugin,sbt.plugins.IvyPlugin,sbt.plugins.JvmPlugin,sbt.plugins.MiniDependencyTreePlugin,sbt.plugins.JUnitXmlReportPlugin,sbt.plugins.SemanticdbPlugin)
[debug] Plugins.deducer#function took 2.61 ms
[info] loading settings for project jw_test1-build from idea.sbt ...
[debug]               Load.resolveProject(jw_test1-build) took 9.9184ms
[debug]             Load.loadTransitive: finalizeProject(Project(id jw_test1-build, base: C:\Users\u725869\IdeaProjects\jw_test1\project, plugins: List(<none>))) took 13.0734ms
[debug] [Loading] Done in C:\Users\u725869\IdeaProjects\jw_test1\project, returning: (jw_test1-build)
[debug]           Load.loadUnit: loadedProjectsRaw took 131.3691ms
[debug]           Load.loadUnit: cleanEvalClasses took 3.4529ms
[debug]         Load.loadUnit(file:/C:/Users/u725869/IdeaProjects/jw_test1/project/, ...) took 155.4713ms
[debug]       Load.apply: load took 156.6877ms
[debug]       Load.apply: resolveProjects took 0.0832ms
[debug]       Load.apply: finalTransforms took 5.9879ms
[debug]       Load.apply: config.delegates took 0.3415ms
[debug]       Load.apply: Def.make(settings)... took 54.6229ms
[debug]       Load.apply: structureIndex took 15.4274ms
[debug]       Load.apply: mkStreams took 0.0018ms
[info] loading project definition from C:\Users\u725869\IdeaProjects\jw_test1\project
[debug] Running task... Cancel: Signal, check cycles: false, forcegc: true
[warn] Unrecognized repository Scala Plugin Bundled Repository, ignoring it
[debug]     Load.loadUnit: plugins took 1647.155ms
[debug]     Load.loadUnit: defsScala took 0.0025ms
[debug] [Loading] Scanning directory C:\Users\u725869\IdeaProjects\jw_test1
[debug]       Load.loadUnit: mkEval took 0.2047ms
[debug] [Loading] Found non-root projects 
[debug] [Loading] Done in C:\Users\u725869\IdeaProjects\jw_test1, returning: ()
[debug] deducing auto plugins based on known facts Set(Atom(sbt.plugins.CorePlugin)) and clauses Clauses(Clause(Atom(sbt.plugins.JvmPlugin),Set(Atom(sbt.plugins.IvyPlugin)))
[debug] Clause(Atom(sbt.ScriptedPlugin),Set(Atom(sbt.plugins.JvmPlugin)))
[debug] Clause(Atom(sbt.plugins.SbtPlugin),Set(Atom(sbt.ScriptedPlugin)))
[debug] Clause(Atom(sbt.plugins.SemanticdbPlugin),Set(Atom(sbt.plugins.JvmPlugin)))
[debug] Clause(Atom(sbt.plugins.JUnitXmlReportPlugin),Set(Atom(sbt.plugins.JvmPlugin)))
[debug] Clause(Atom(sbt.plugins.MiniDependencyTreePlugin),Set(Atom(sbt.plugins.JvmPlugin)))
[debug] Clause(Atom(org.jetbrains.sbt.StructurePlugin),Set(Atom(sbt.plugins.JvmPlugin)))
[debug] Clause(Atom(org.jetbrains.sbt.IdeaShellPlugin),Set(Atom(sbt.plugins.JvmPlugin)))
[debug] Clause(Atom(org.jetbrains.sbt.indices.SbtIntellijIndicesPlugin),Set(Atom(sbt.plugins.JvmPlugin)))
[debug] Clause(Atom(sbt.plugins.CorePlugin),Set(Atom(sbt.plugins.IvyPlugin)))
[debug] Clause(Atom(sbt.plugins.IvyPlugin),Set(Atom(sbt.plugins.JvmPlugin)))
[debug] Clause(Atom(sbt.plugins.JvmPlugin),Set(Atom(sbt.plugins.SemanticdbPlugin)))
[debug] Clause(Atom(sbt.plugins.JvmPlugin),Set(Atom(sbt.plugins.JUnitXmlReportPlugin)))
[debug] Clause(Atom(sbt.plugins.CorePlugin),Set(Atom(sbt.plugins.Giter8TemplatePlugin)))
[debug] Clause(Atom(sbt.plugins.JvmPlugin),Set(Atom(sbt.plugins.MiniDependencyTreePlugin)))
[debug] Clause(Atom(sbt.plugins.JvmPlugin),Set(Atom(org.jetbrains.sbt.StructurePlugin)))
[debug] Clause(Atom(sbt.plugins.JvmPlugin),Set(Atom(org.jetbrains.sbt.IdeaShellPlugin)))
[debug] Clause(And(Set(Atom(sbt.plugins.CorePlugin), Atom(sbt.plugins.JvmPlugin))),Set(Atom(org.jetbrains.sbt.indices.SbtIntellijIndicesPlugin))))
[debug]   :: deduced result: Matched(sbt.plugins.CorePlugin,sbt.plugins.Giter8TemplatePlugin,sbt.plugins.IvyPlugin,sbt.plugins.JvmPlugin,sbt.plugins.SemanticdbPlugin,org.jetbrains.sbt.indices.SbtIntellijIndicesPlugin,sbt.plugins.JUnitXmlReportPlugin,org.jetbrains.sbt.IdeaShellPlugin,org.jetbrains.sbt.StructurePlugin,sbt.plugins.MiniDependencyTreePlugin)
[debug] Plugins.deducer#function took 2.7561 ms
[info] loading settings for project jw_test1 from build.sbt ...
[debug]         Load.resolveProject(jw_test1) took 22.0022ms
[debug]       Load.loadTransitive: finalizeProject(Project(id jw_test1, base: C:\Users\u725869\IdeaProjects\jw_test1, plugins: List(<none>))) took 25.778ms
[debug] [Loading] Done in C:\Users\u725869\IdeaProjects\jw_test1, returning: (jw_test1)
[debug]     Load.loadUnit: loadedProjectsRaw took 1910.1923ms
[debug]     Load.loadUnit: cleanEvalClasses took 14.0124ms
[debug]   Load.loadUnit(file:/C:/Users/u725869/IdeaProjects/jw_test1/, ...) took 3571.9126ms
[debug] Load.apply: load took 3573.0174ms
[debug] Load.apply: resolveProjects took 0.0946ms
[debug] Load.apply: finalTransforms took 17.3732ms
[debug] Load.apply: config.delegates took 0.229ms
[debug] Load.apply: Def.make(settings)... took 59.0776ms
[debug] Load.apply: structureIndex took 16.4091ms
[debug] Load.apply: mkStreams took 0.0028ms
[info] set current project to jw_test1 (in build file:/C:/Users/u725869/IdeaProjects/jw_test1/)
[debug] > Exec(sbtPopOnFailure, None, None)
[debug] > Exec(resumeFromFailure, None, None)
[debug] > Exec(notifyUsersAboutShell, None, None)
[debug] > Exec(iflast shell, None, None)
[debug] > Exec(; set ideaPort in Global := 58784 ; idea-shell, None, None)
[debug] > Exec(set ideaPort in Global := 58784, None, None)
[info] Defining Global / ideaPort
[info] The new value will be used by Compile / compile, Test / compile
[debug] Defining 
[debug] 	Global / ideaPort
[debug] 
[debug] The new value will be used by 
[debug] 	Compile / compile
[debug] 	Test / compile
[info] Reapplying settings...
[info] set current project to jw_test1 (in build file:/C:/Users/u725869/IdeaProjects/jw_test1/)
[debug] > Exec(idea-shell, None, None)
